Build started 12/17/2014 8:25:14 PM.
     1>Project "C:\Users\Jamal\documents\visual studio 2013\Projects\CIS 310 prog 5\CIS 310 prog 5\CIS 310 prog 5.vcxproj" on node 2 (Build target(s)).
     1>ClCompile:
         C:\Program Files (x86)\Microsoft Visual Studio 12.0\VC\bin\CL.exe /c /ZI /nologo /W3 /WX- /sdl /Od /Oy- /D WIN32 /D _DEBUG /D _CONSOLE /D _LIB /D _UNICODE /D UNICODE /Gm /EHsc /RTC1 /MDd /GS /fp:precise /Zc:wchar_t /Zc:forScope /Fo"Debug\\" /Fd"Debug\vc120.pdb" /Gd /TP /analyze- /errorReport:prompt Source.cpp
         Source.cpp
     1>c:\users\jamal\documents\visual studio 2013\projects\cis 310 prog 5\cis 310 prog 5\source.cpp(89): warning C4018: '<' : signed/unsigned mismatch
     1>c:\users\jamal\documents\visual studio 2013\projects\cis 310 prog 5\cis 310 prog 5\source.cpp(261): warning C4018: '<' : signed/unsigned mismatch
     1>c:\users\jamal\documents\visual studio 2013\projects\cis 310 prog 5\cis 310 prog 5\source.cpp(294): warning C4018: '<' : signed/unsigned mismatch
     1>c:\users\jamal\documents\visual studio 2013\projects\cis 310 prog 5\cis 310 prog 5\source.cpp(297): warning C4018: '<' : signed/unsigned mismatch
     1>c:\users\jamal\documents\visual studio 2013\projects\cis 310 prog 5\cis 310 prog 5\source.cpp(301): warning C4244: '=' : conversion from 'double' to 'int', possible loss of data
     1>c:\users\jamal\documents\visual studio 2013\projects\cis 310 prog 5\cis 310 prog 5\source.cpp(329): warning C4018: '<' : signed/unsigned mismatch
     1>c:\users\jamal\documents\visual studio 2013\projects\cis 310 prog 5\cis 310 prog 5\source.cpp(385): warning C4018: '<' : signed/unsigned mismatch
     1>c:\users\jamal\documents\visual studio 2013\projects\cis 310 prog 5\cis 310 prog 5\source.cpp(476): warning C4018: '<' : signed/unsigned mismatch
     1>c:\users\jamal\documents\visual studio 2013\projects\cis 310 prog 5\cis 310 prog 5\source.cpp(491): warning C4018: '<' : signed/unsigned mismatch
       Link:
         C:\Program Files (x86)\Microsoft Visual Studio 12.0\VC\bin\link.exe /ERRORREPORT:PROMPT /OUT:"C:\Users\Jamal\documents\visual studio 2013\Projects\CIS 310 prog 5\Debug\CIS 310 prog 5.exe" /INCREMENTAL /NOLOGO kernel32.lib user32.lib gdi32.lib winspool.lib comdlg32.lib advapi32.lib shell32.lib ole32.lib oleaut32.lib uuid.lib odbc32.lib odbccp32.lib /MANIFEST /MANIFESTUAC:"level='asInvoker' uiAccess='false'" /manifest:embed /DEBUG /PDB:"C:\Users\Jamal\documents\visual studio 2013\Projects\CIS 310 prog 5\Debug\CIS 310 prog 5.pdb" /SUBSYSTEM:CONSOLE /TLBID:1 /DYNAMICBASE /NXCOMPAT /IMPLIB:"C:\Users\Jamal\documents\visual studio 2013\Projects\CIS 310 prog 5\Debug\CIS 310 prog 5.lib" /MACHINE:X86 Debug\Source.obj
         CIS 310 prog 5.vcxproj -> C:\Users\Jamal\documents\visual studio 2013\Projects\CIS 310 prog 5\Debug\CIS 310 prog 5.exe
     1>Done Building Project "C:\Users\Jamal\documents\visual studio 2013\Projects\CIS 310 prog 5\CIS 310 prog 5\CIS 310 prog 5.vcxproj" (Build target(s)).

Build succeeded.

Time Elapsed 00:00:00.83
